<?xml version="1.0" encoding="UTF-8"?>
<testng-results ignored="0" total="1" passed="1" failed="0" skipped="0">
  <reporter-output>
  </reporter-output>
  <suite started-at="2025-04-09T10:18:58 IST" name="Flight Suite" finished-at="2025-04-09T10:19:13 IST" duration-ms="14108">
    <groups>
      <group name="regression">
        <method signature="Testcase.testFlightBooking(java.lang.String,java.lang.String)[pri:0, instance:tests.Testcase@175c2241]" name="testFlightBooking" class="tests.Testcase"/>
      </group> <!-- regression -->
      <group name="smoke">
        <method signature="Testcase.testFlightBooking(java.lang.String,java.lang.String)[pri:0, instance:tests.Testcase@175c2241]" name="testFlightBooking" class="tests.Testcase"/>
      </group> <!-- smoke -->
    </groups>
    <test started-at="2025-04-09T10:18:58 IST" name="Flight Search Test" finished-at="2025-04-09T10:19:13 IST" duration-ms="14108">
      <class name="tests.Testcase">
        <test-method is-config="true" signature="setup(org.testng.ITestContext)[pri:0, instance:tests.Testcase@175c2241]" started-at="2025-04-09T10:18:59 IST" name="setup" finished-at="2025-04-09T10:19:07 IST" duration-ms="7988" status="PASS">
          <params>
            <param index="0">
              <value>
                <![CDATA[org.testng.TestRunner@23ad71bf]]>
              </value>
            </param>
          </params>
          <reporter-output>
          </reporter-output>
        </test-method> <!-- setup -->
        <test-method signature="testFlightBooking(java.lang.String,java.lang.String)[pri:0, instance:tests.Testcase@175c2241]" started-at="2025-04-09T10:19:07 IST" name="testFlightBooking" data-provider="testdata" finished-at="2025-04-09T10:19:12 IST" duration-ms="4419" status="PASS">
          <params>
            <param index="0">
              <value>
                <![CDATA[Mexico City]]>
              </value>
            </param>
            <param index="1">
              <value>
                <![CDATA[London]]>
              </value>
            </param>
          </params>
          <reporter-output>
          </reporter-output>
        </test-method> <!-- testFlightBooking -->
        <test-method is-config="true" signature="teardown()[pri:0, instance:tests.Testcase@175c2241]" started-at="2025-04-09T10:19:12 IST" name="teardown" finished-at="2025-04-09T10:19:13 IST" duration-ms="727" status="PASS">
          <reporter-output>
          </reporter-output>
        </test-method> <!-- teardown -->
      </class> <!-- tests.Testcase -->
    </test> <!-- Flight Search Test -->
  </suite> <!-- Flight Suite -->
</testng-results>
